  compilation object save succeeded; see C:\Users\pedro\OneDrive\Documents\Game_Unidade_2\GravityGuy\Shaders\Pixel.cso
  compilation object save succeeded; see C:\Users\pedro\OneDrive\Documents\Game_Unidade_2\GravityGuy\Shaders\Vertex.cso
  Animation.cpp
  Audio.cpp
  Background.cpp
  Boss.cpp
  Bullet.cpp
  EndLevel.cpp
  Enemies.cpp
  Engine.cpp
  Font.cpp
  Game.cpp
  GameOver.cpp
  Geometry.cpp
  Graphics.cpp
  GravityGuy.cpp
  Home.cpp
  Image.cpp
  Item.cpp
  Level1.cpp
  BossLVL1.cpp
C:\Users\pedro\OneDrive\Documents\Game_Unidade_2\GravityGuy\Item.cpp(19,36): warning C4244: 'argumento': conversão de 'float' para 'uint', possível perda de dados
  Level2.cpp
  Level3.cpp
  Level4.cpp
  Mouse.cpp
  Object.cpp
  Platform.cpp
  Player.cpp
  Renderer.cpp
  Scene.cpp
  Snow.cpp
  Sound.cpp
  Sprite.cpp
  Texture.cpp
  TileSet.cpp
  Timer.cpp
  Window.cpp
  GravityGuy.vcxproj -> C:\Users\pedro\OneDrive\Documents\Game_Unidade_2\x64\Debug\GravityGuy.exe
