  compilation object save succeeded; see C:\Users\pedro\OneDrive\Documents\Game_Unidade_2\GravityGuy\Shaders\Pixel.cso
  compilation object save succeeded; see C:\Users\pedro\OneDrive\Documents\Game_Unidade_2\GravityGuy\Shaders\Vertex.cso
  GridSet.cpp
  Animation.cpp
  Audio.cpp
  Background.cpp
  Engine.cpp
  Font.cpp
  Game.cpp
  GameOver.cpp
  Geometry.cpp
  Graphics.cpp
  GravityGuy.cpp
  Home.cpp
  Image.cpp
  Level1.cpp
C:\Users\pedro\OneDrive\Documents\Game_Unidade_2\GravityGuy\Level1.cpp(54,43): warning C4244: 'argumento': conversão de 'int' para 'float', possível perda de dados
  Level2.cpp
  Object.cpp
  Platform.cpp
  Player.cpp
  Renderer.cpp
  Scene.cpp
  Compilando...
  Snow.cpp
  Sound.cpp
  Sprite.cpp
  Texture.cpp
  TileSet.cpp
  Timer.cpp
  Window.cpp
GridSet.obj : error LNK2001: símbolo externo não resolvido "public: void __cdecl Animation::Draw(unsigned int,float,float,float,struct Color)" (?Draw@Animation@@QEAAXIMMMUColor@@@Z)
C:\Users\pedro\OneDrive\Documents\Game_Unidade_2\x64\Release\GravityGuy.exe : fatal error LNK1120: 1 externo não resolvidos
